<?xml version="1.0" encoding="UTF-8"?>
<testsuite xmlns:xsi="http://www.w3.org/2001/XMLSchema-instance" xsi:noNamespaceSchemaLocation="https://maven.apache.org/surefire/maven-surefire-plugin/xsd/surefire-test-report.xsd" name="com.yui.ezic.codegen.PhpCustomGeneratorTest" time="0.005" tests="0" errors="0" skipped="0" failures="0">
  <properties>
    <property name="java.specification.version" value="21"/>
    <property name="sun.jnu.encoding" value="UTF-8"/>
    <property name="java.class.path" value="/local/generators/php-custom/target/test-classes:/local/generators/php-custom/target/classes:/root/.m2/repository/org/openapitools/openapi-generator/7.7.0/openapi-generator-7.7.0.jar:/root/.m2/repository/io/swagger/parser/v3/swagger-parser/2.1.22/swagger-parser-2.1.22.jar:/root/.m2/repository/io/swagger/parser/v3/swagger-parser-v2-converter/2.1.22/swagger-parser-v2-converter-2.1.22.jar:/root/.m2/repository/io/swagger/swagger-core/1.6.14/swagger-core-1.6.14.jar:/root/.m2/repository/jakarta/xml/bind/jakarta.xml.bind-api/2.3.3/jakarta.xml.bind-api-2.3.3.jar:/root/.m2/repository/jakarta/activation/jakarta.activation-api/1.2.2/jakarta.activation-api-1.2.2.jar:/root/.m2/repository/io/swagger/swagger-models/1.6.14/swagger-models-1.6.14.jar:/root/.m2/repository/io/swagger/swagger-annotations/1.6.14/swagger-annotations-1.6.14.jar:/root/.m2/repository/io/swagger/swagger-parser/1.0.70/swagger-parser-1.0.70.jar:/root/.m2/repository/io/swagger/swagger-parser-safe-url-resolver/1.0.70/swagger-parser-safe-url-resolver-1.0.70.jar:/root/.m2/repository/io/swagger/swagger-compat-spec-parser/1.0.70/swagger-compat-spec-parser-1.0.70.jar:/root/.m2/repository/com/github/java-json-tools/json-schema-validator/2.2.14/json-schema-validator-2.2.14.jar:/root/.m2/repository/com/github/java-json-tools/jackson-coreutils-equivalence/1.0/jackson-coreutils-equivalence-1.0.jar:/root/.m2/repository/com/github/java-json-tools/json-schema-core/1.2.14/json-schema-core-1.2.14.jar:/root/.m2/repository/com/github/java-json-tools/uri-template/0.10/uri-template-0.10.jar:/root/.m2/repository/org/mozilla/rhino/1.7.7.2/rhino-1.7.7.2.jar:/root/.m2/repository/com/googlecode/libphonenumber/libphonenumber/8.11.1/libphonenumber-8.11.1.jar:/root/.m2/repository/net/sf/jopt-simple/jopt-simple/5.0.4/jopt-simple-5.0.4.jar:/root/.m2/repository/com/github/java-json-tools/json-patch/1.13/json-patch-1.13.jar:/root/.m2/repository/com/github/java-json-tools/msg-simple/1.2/msg-simple-1.2.jar:/root/.m2/repository/com/github/java-json-tools/btf/1.3/btf-1.3.jar:/root/.m2/repository/com/github/java-json-tools/jackson-coreutils/2.0/jackson-coreutils-2.0.jar:/root/.m2/repository/org/apache/httpcomponents/httpclient/4.5.14/httpclient-4.5.14.jar:/root/.m2/repository/org/apache/httpcomponents/httpcore/4.4.16/httpcore-4.4.16.jar:/root/.m2/repository/commons-logging/commons-logging/1.2/commons-logging-1.2.jar:/root/.m2/repository/commons-codec/commons-codec/1.11/commons-codec-1.11.jar:/root/.m2/repository/io/swagger/core/v3/swagger-models/2.2.21/swagger-models-2.2.21.jar:/root/.m2/repository/io/swagger/parser/v3/swagger-parser-core/2.1.22/swagger-parser-core-2.1.22.jar:/root/.m2/repository/io/swagger/parser/v3/swagger-parser-v3/2.1.22/swagger-parser-v3-2.1.22.jar:/root/.m2/repository/io/swagger/core/v3/swagger-core/2.2.21/swagger-core-2.2.21.jar:/root/.m2/repository/com/fasterxml/jackson/datatype/jackson-datatype-jsr310/2.16.2/jackson-datatype-jsr310-2.16.2.jar:/root/.m2/repository/io/swagger/core/v3/swagger-annotations/2.2.21/swagger-annotations-2.2.21.jar:/root/.m2/repository/jakarta/validation/jakarta.validation-api/2.0.2/jakarta.validation-api-2.0.2.jar:/root/.m2/repository/io/swagger/parser/v3/swagger-parser-safe-url-resolver/2.1.22/swagger-parser-safe-url-resolver-2.1.22.jar:/root/.m2/repository/com/fasterxml/jackson/dataformat/jackson-dataformat-yaml/2.16.2/jackson-dataformat-yaml-2.16.2.jar:/root/.m2/repository/org/yaml/snakeyaml/2.2/snakeyaml-2.2.jar:/root/.m2/repository/com/samskivert/jmustache/1.15/jmustache-1.15.jar:/root/.m2/repository/com/github/jknack/handlebars/4.3.1/handlebars-4.3.1.jar:/root/.m2/repository/com/github/jknack/handlebars-jackson2/4.3.1/handlebars-jackson2-4.3.1.jar:/root/.m2/repository/commons-io/commons-io/2.11.0/commons-io-2.11.0.jar:/root/.m2/repository/org/slf4j/slf4j-ext/1.7.36/slf4j-ext-1.7.36.jar:/root/.m2/repository/org/slf4j/slf4j-api/1.7.36/slf4j-api-1.7.36.jar:/root/.m2/repository/org/slf4j/slf4j-simple/1.7.36/slf4j-simple-1.7.36.jar:/root/.m2/repository/org/apache/commons/commons-lang3/3.12.0/commons-lang3-3.12.0.jar:/root/.m2/repository/org/apache/commons/commons-text/1.10.0/commons-text-1.10.0.jar:/root/.m2/repository/org/apache/maven/resolver/maven-resolver-util/1.9.18/maven-resolver-util-1.9.18.jar:/root/.m2/repository/org/apache/maven/resolver/maven-resolver-api/1.9.18/maven-resolver-api-1.9.18.jar:/root/.m2/repository/commons-cli/commons-cli/1.5.0/commons-cli-1.5.0.jar:/root/.m2/repository/com/google/guava/guava/32.1.3-jre/guava-32.1.3-jre.jar:/root/.m2/repository/com/google/guava/failureaccess/1.0.1/failureaccess-1.0.1.jar:/root/.m2/repository/com/google/guava/listenablefuture/9999.0-empty-to-avoid-conflict-with-guava/listenablefuture-9999.0-empty-to-avoid-conflict-with-guava.jar:/root/.m2/repository/com/google/code/findbugs/jsr305/3.0.2/jsr305-3.0.2.jar:/root/.m2/repository/org/checkerframework/checker-qual/3.37.0/checker-qual-3.37.0.jar:/root/.m2/repository/com/google/errorprone/error_prone_annotations/2.21.1/error_prone_annotations-2.21.1.jar:/root/.m2/repository/com/google/j2objc/j2objc-annotations/2.8/j2objc-annotations-2.8.jar:/root/.m2/repository/com/fasterxml/jackson/datatype/jackson-datatype-guava/2.17.1/jackson-datatype-guava-2.17.1.jar:/root/.m2/repository/com/fasterxml/jackson/core/jackson-core/2.17.1/jackson-core-2.17.1.jar:/root/.m2/repository/org/commonmark/commonmark/0.21.0/commonmark-0.21.0.jar:/root/.m2/repository/com/github/mifmif/generex/1.0.2/generex-1.0.2.jar:/root/.m2/repository/dk/brics/automaton/automaton/1.11-8/automaton-1.11-8.jar:/root/.m2/repository/com/github/curious-odd-man/rgxgen/1.4/rgxgen-1.4.jar:/root/.m2/repository/com/fasterxml/jackson/core/jackson-databind/2.17.1/jackson-databind-2.17.1.jar:/root/.m2/repository/com/fasterxml/jackson/datatype/jackson-datatype-joda/2.17.1/jackson-datatype-joda-2.17.1.jar:/root/.m2/repository/joda-time/joda-time/2.10.14/joda-time-2.10.14.jar:/root/.m2/repository/com/fasterxml/jackson/core/jackson-annotations/2.17.1/jackson-annotations-2.17.1.jar:/root/.m2/repository/com/github/joschi/jackson/jackson-datatype-threetenbp/2.15.2/jackson-datatype-threetenbp-2.15.2.jar:/root/.m2/repository/org/threeten/threetenbp/1.6.8/threetenbp-1.6.8.jar:/root/.m2/repository/org/openapitools/openapi-generator-core/7.7.0/openapi-generator-core-7.7.0.jar:/root/.m2/repository/net/java/dev/jna/jna/5.12.1/jna-5.12.1.jar:/root/.m2/repository/com/github/ben-manes/caffeine/caffeine/2.9.3/caffeine-2.9.3.jar:/root/.m2/repository/org/projectlombok/lombok/1.18.30/lombok-1.18.30.jar:/root/.m2/repository/org/junit/jupiter/junit-jupiter-api/5.10.2/junit-jupiter-api-5.10.2.jar:/root/.m2/repository/org/opentest4j/opentest4j/1.3.0/opentest4j-1.3.0.jar:/root/.m2/repository/org/junit/platform/junit-platform-commons/1.10.2/junit-platform-commons-1.10.2.jar:/root/.m2/repository/org/apiguardian/apiguardian-api/1.1.2/apiguardian-api-1.1.2.jar:"/>
    <property name="java.vm.vendor" value="Eclipse Adoptium"/>
    <property name="sun.arch.data.model" value="64"/>
    <property name="java.vendor.url" value="https://adoptium.net/"/>
    <property name="property" value=""/>
    <property name="os.name" value="Linux"/>
    <property name="java.vm.specification.version" value="21"/>
    <property name="sun.java.launcher" value="SUN_STANDARD"/>
    <property name="user.country" value="US"/>
    <property name="sun.boot.library.path" value="/opt/java/openjdk/lib"/>
    <property name="sun.java.command" value="/local/generators/php-custom/target/surefire/surefirebooter13060910782653474179.jar /local/generators/php-custom/target/surefire 2024-07-16T21-31-05_511-jvmRun1 surefire16909723945466353254tmp surefire_011929067909136709128tmp"/>
    <property name="jdk.debug" value="release"/>
    <property name="surefire.test.class.path" value="/local/generators/php-custom/target/test-classes:/local/generators/php-custom/target/classes:/root/.m2/repository/org/openapitools/openapi-generator/7.7.0/openapi-generator-7.7.0.jar:/root/.m2/repository/io/swagger/parser/v3/swagger-parser/2.1.22/swagger-parser-2.1.22.jar:/root/.m2/repository/io/swagger/parser/v3/swagger-parser-v2-converter/2.1.22/swagger-parser-v2-converter-2.1.22.jar:/root/.m2/repository/io/swagger/swagger-core/1.6.14/swagger-core-1.6.14.jar:/root/.m2/repository/jakarta/xml/bind/jakarta.xml.bind-api/2.3.3/jakarta.xml.bind-api-2.3.3.jar:/root/.m2/repository/jakarta/activation/jakarta.activation-api/1.2.2/jakarta.activation-api-1.2.2.jar:/root/.m2/repository/io/swagger/swagger-models/1.6.14/swagger-models-1.6.14.jar:/root/.m2/repository/io/swagger/swagger-annotations/1.6.14/swagger-annotations-1.6.14.jar:/root/.m2/repository/io/swagger/swagger-parser/1.0.70/swagger-parser-1.0.70.jar:/root/.m2/repository/io/swagger/swagger-parser-safe-url-resolver/1.0.70/swagger-parser-safe-url-resolver-1.0.70.jar:/root/.m2/repository/io/swagger/swagger-compat-spec-parser/1.0.70/swagger-compat-spec-parser-1.0.70.jar:/root/.m2/repository/com/github/java-json-tools/json-schema-validator/2.2.14/json-schema-validator-2.2.14.jar:/root/.m2/repository/com/github/java-json-tools/jackson-coreutils-equivalence/1.0/jackson-coreutils-equivalence-1.0.jar:/root/.m2/repository/com/github/java-json-tools/json-schema-core/1.2.14/json-schema-core-1.2.14.jar:/root/.m2/repository/com/github/java-json-tools/uri-template/0.10/uri-template-0.10.jar:/root/.m2/repository/org/mozilla/rhino/1.7.7.2/rhino-1.7.7.2.jar:/root/.m2/repository/com/googlecode/libphonenumber/libphonenumber/8.11.1/libphonenumber-8.11.1.jar:/root/.m2/repository/net/sf/jopt-simple/jopt-simple/5.0.4/jopt-simple-5.0.4.jar:/root/.m2/repository/com/github/java-json-tools/json-patch/1.13/json-patch-1.13.jar:/root/.m2/repository/com/github/java-json-tools/msg-simple/1.2/msg-simple-1.2.jar:/root/.m2/repository/com/github/java-json-tools/btf/1.3/btf-1.3.jar:/root/.m2/repository/com/github/java-json-tools/jackson-coreutils/2.0/jackson-coreutils-2.0.jar:/root/.m2/repository/org/apache/httpcomponents/httpclient/4.5.14/httpclient-4.5.14.jar:/root/.m2/repository/org/apache/httpcomponents/httpcore/4.4.16/httpcore-4.4.16.jar:/root/.m2/repository/commons-logging/commons-logging/1.2/commons-logging-1.2.jar:/root/.m2/repository/commons-codec/commons-codec/1.11/commons-codec-1.11.jar:/root/.m2/repository/io/swagger/core/v3/swagger-models/2.2.21/swagger-models-2.2.21.jar:/root/.m2/repository/io/swagger/parser/v3/swagger-parser-core/2.1.22/swagger-parser-core-2.1.22.jar:/root/.m2/repository/io/swagger/parser/v3/swagger-parser-v3/2.1.22/swagger-parser-v3-2.1.22.jar:/root/.m2/repository/io/swagger/core/v3/swagger-core/2.2.21/swagger-core-2.2.21.jar:/root/.m2/repository/com/fasterxml/jackson/datatype/jackson-datatype-jsr310/2.16.2/jackson-datatype-jsr310-2.16.2.jar:/root/.m2/repository/io/swagger/core/v3/swagger-annotations/2.2.21/swagger-annotations-2.2.21.jar:/root/.m2/repository/jakarta/validation/jakarta.validation-api/2.0.2/jakarta.validation-api-2.0.2.jar:/root/.m2/repository/io/swagger/parser/v3/swagger-parser-safe-url-resolver/2.1.22/swagger-parser-safe-url-resolver-2.1.22.jar:/root/.m2/repository/com/fasterxml/jackson/dataformat/jackson-dataformat-yaml/2.16.2/jackson-dataformat-yaml-2.16.2.jar:/root/.m2/repository/org/yaml/snakeyaml/2.2/snakeyaml-2.2.jar:/root/.m2/repository/com/samskivert/jmustache/1.15/jmustache-1.15.jar:/root/.m2/repository/com/github/jknack/handlebars/4.3.1/handlebars-4.3.1.jar:/root/.m2/repository/com/github/jknack/handlebars-jackson2/4.3.1/handlebars-jackson2-4.3.1.jar:/root/.m2/repository/commons-io/commons-io/2.11.0/commons-io-2.11.0.jar:/root/.m2/repository/org/slf4j/slf4j-ext/1.7.36/slf4j-ext-1.7.36.jar:/root/.m2/repository/org/slf4j/slf4j-api/1.7.36/slf4j-api-1.7.36.jar:/root/.m2/repository/org/slf4j/slf4j-simple/1.7.36/slf4j-simple-1.7.36.jar:/root/.m2/repository/org/apache/commons/commons-lang3/3.12.0/commons-lang3-3.12.0.jar:/root/.m2/repository/org/apache/commons/commons-text/1.10.0/commons-text-1.10.0.jar:/root/.m2/repository/org/apache/maven/resolver/maven-resolver-util/1.9.18/maven-resolver-util-1.9.18.jar:/root/.m2/repository/org/apache/maven/resolver/maven-resolver-api/1.9.18/maven-resolver-api-1.9.18.jar:/root/.m2/repository/commons-cli/commons-cli/1.5.0/commons-cli-1.5.0.jar:/root/.m2/repository/com/google/guava/guava/32.1.3-jre/guava-32.1.3-jre.jar:/root/.m2/repository/com/google/guava/failureaccess/1.0.1/failureaccess-1.0.1.jar:/root/.m2/repository/com/google/guava/listenablefuture/9999.0-empty-to-avoid-conflict-with-guava/listenablefuture-9999.0-empty-to-avoid-conflict-with-guava.jar:/root/.m2/repository/com/google/code/findbugs/jsr305/3.0.2/jsr305-3.0.2.jar:/root/.m2/repository/org/checkerframework/checker-qual/3.37.0/checker-qual-3.37.0.jar:/root/.m2/repository/com/google/errorprone/error_prone_annotations/2.21.1/error_prone_annotations-2.21.1.jar:/root/.m2/repository/com/google/j2objc/j2objc-annotations/2.8/j2objc-annotations-2.8.jar:/root/.m2/repository/com/fasterxml/jackson/datatype/jackson-datatype-guava/2.17.1/jackson-datatype-guava-2.17.1.jar:/root/.m2/repository/com/fasterxml/jackson/core/jackson-core/2.17.1/jackson-core-2.17.1.jar:/root/.m2/repository/org/commonmark/commonmark/0.21.0/commonmark-0.21.0.jar:/root/.m2/repository/com/github/mifmif/generex/1.0.2/generex-1.0.2.jar:/root/.m2/repository/dk/brics/automaton/automaton/1.11-8/automaton-1.11-8.jar:/root/.m2/repository/com/github/curious-odd-man/rgxgen/1.4/rgxgen-1.4.jar:/root/.m2/repository/com/fasterxml/jackson/core/jackson-databind/2.17.1/jackson-databind-2.17.1.jar:/root/.m2/repository/com/fasterxml/jackson/datatype/jackson-datatype-joda/2.17.1/jackson-datatype-joda-2.17.1.jar:/root/.m2/repository/joda-time/joda-time/2.10.14/joda-time-2.10.14.jar:/root/.m2/repository/com/fasterxml/jackson/core/jackson-annotations/2.17.1/jackson-annotations-2.17.1.jar:/root/.m2/repository/com/github/joschi/jackson/jackson-datatype-threetenbp/2.15.2/jackson-datatype-threetenbp-2.15.2.jar:/root/.m2/repository/org/threeten/threetenbp/1.6.8/threetenbp-1.6.8.jar:/root/.m2/repository/org/openapitools/openapi-generator-core/7.7.0/openapi-generator-core-7.7.0.jar:/root/.m2/repository/net/java/dev/jna/jna/5.12.1/jna-5.12.1.jar:/root/.m2/repository/com/github/ben-manes/caffeine/caffeine/2.9.3/caffeine-2.9.3.jar:/root/.m2/repository/org/projectlombok/lombok/1.18.30/lombok-1.18.30.jar:/root/.m2/repository/org/junit/jupiter/junit-jupiter-api/5.10.2/junit-jupiter-api-5.10.2.jar:/root/.m2/repository/org/opentest4j/opentest4j/1.3.0/opentest4j-1.3.0.jar:/root/.m2/repository/org/junit/platform/junit-platform-commons/1.10.2/junit-platform-commons-1.10.2.jar:/root/.m2/repository/org/apiguardian/apiguardian-api/1.1.2/apiguardian-api-1.1.2.jar:"/>
    <property name="sun.cpu.endian" value="little"/>
    <property name="user.home" value="/root"/>
    <property name="user.language" value="en"/>
    <property name="java.specification.vendor" value="Oracle Corporation"/>
    <property name="java.version.date" value="2024-04-16"/>
    <property name="java.home" value="/opt/java/openjdk"/>
    <property name="file.separator" value="/"/>
    <property name="basedir" value="/local/generators/php-custom"/>
    <property name="java.vm.compressedOopsMode" value="32-bit"/>
    <property name="line.separator" value="&#10;"/>
    <property name="java.specification.name" value="Java Platform API Specification"/>
    <property name="java.vm.specification.vendor" value="Oracle Corporation"/>
    <property name="surefire.real.class.path" value="/local/generators/php-custom/target/surefire/surefirebooter13060910782653474179.jar"/>
    <property name="sun.management.compiler" value="HotSpot 64-Bit Tiered Compilers"/>
    <property name="java.runtime.version" value="21.0.3+9-LTS"/>
    <property name="user.name" value="root"/>
    <property name="stdout.encoding" value="UTF-8"/>
    <property name="path.separator" value=":"/>
    <property name="os.version" value="6.9.8-200.fc40.x86_64"/>
    <property name="java.runtime.name" value="OpenJDK Runtime Environment"/>
    <property name="file.encoding" value="UTF-8"/>
    <property name="java.vm.name" value="OpenJDK 64-Bit Server VM"/>
    <property name="java.vendor.version" value="Temurin-21.0.3+9"/>
    <property name="localRepository" value="/root/.m2/repository"/>
    <property name="java.vendor.url.bug" value="https://github.com/adoptium/adoptium-support/issues"/>
    <property name="java.io.tmpdir" value="/tmp"/>
    <property name="java.version" value="21.0.3"/>
    <property name="user.dir" value="/local/generators/php-custom"/>
    <property name="os.arch" value="amd64"/>
    <property name="java.vm.specification.name" value="Java Virtual Machine Specification"/>
    <property name="native.encoding" value="UTF-8"/>
    <property name="java.library.path" value="/usr/java/packages/lib:/usr/lib64:/lib64:/lib:/usr/lib"/>
    <property name="java.vm.info" value="mixed mode, sharing"/>
    <property name="stderr.encoding" value="UTF-8"/>
    <property name="java.vendor" value="Eclipse Adoptium"/>
    <property name="java.vm.version" value="21.0.3+9-LTS"/>
    <property name="sun.io.unicode.encoding" value="UnicodeLittle"/>
    <property name="java.class.version" value="65.0"/>
  </properties>
</testsuite>